cargo :     Checking fincrime-core 
v0.1.0 (C:\Users\georg\fincrime_the
desk\core)
At line:1 char:1
+ cargo check --manifest-path 
core/Cargo.toml 2>&1 | Out-File 
-Encoding ...
+ ~~~~~~~~~~~~~~~~~~~~~~~~~~~~~~~~~
~~~~~~~~~~~~~~~
    + CategoryInfo          : NotS 
   pecified: (    Checking fi...e  
  _thedesk\core):String) [], Rem   
 oteException
    + FullyQualifiedErrorId : Nati 
   veCommandError
 
warning: unused variable: `tick`
   --> core\src\customer_subsystem.
rs:459:9
    |
459 |         tick: Tick,
    |         ^^^^ help: if this 
is intentional, prefix it with an 
underscore: `_tick`
    |
    = note: 
`#[warn(unused_variables)]` (part 
of `#[warn(unused)]`) on by default

warning: unused variable: `tick`
   --> core\src\customer_subsystem.
rs:688:9
    |
688 |         tick: Tick,
    |         ^^^^ help: if this 
is intentional, prefix it with an 
underscore: `_tick`

warning: unused variable: `tick`
   --> core\src\customer_subsystem.
rs:808:9
    |
808 |         tick: Tick,
    |         ^^^^ help: if this 
is intentional, prefix it with an 
underscore: `_tick`

warning: unused variable: `tick`
   --> core\src\customer_subsystem.
rs:958:9
    |
958 |         tick: Tick,
    |         ^^^^ help: if this 
is intentional, prefix it with an 
underscore: `_tick`

warning: `fincrime-core` (lib) 
generated 4 warnings (run `cargo 
fix --lib -p fincrime-core` to 
apply 4 suggestions)
    Finished `dev` profile 
[unoptimized + debuginfo] 
target(s) in 2.39s
